
2026-03-28T09:48:43.311Z
StrictPopulateError: Cannot populate path `chapters` because it is not in your schema. Set the `strictPopulate` option to false to override.
    at getModelsMapForPopulate (C:\Users\91954\OneDrive\Desktop\GATE MASTERY\gate-mastery-backend\node_modules\mongoose\lib\helpers\populate\getModelsMapForPopulate.js:55:12)
    at _populatePath (C:\Users\91954\OneDrive\Desktop\GATE MASTERY\gate-mastery-backend\node_modules\mongoose\lib\model.js:4417:21)
    at Function.populate (C:\Users\91954\OneDrive\Desktop\GATE MASTERY\gate-mastery-backend\node_modules\mongoose\lib\model.js:4384:21)
    at model.Query._find (C:\Users\91954\OneDrive\Desktop\GATE MASTERY\gate-mastery-backend\node_modules\mongoose\lib\query.js:2466:23)
    at process.processTicksAndRejections (node:internal/process/task_queues:105:5)
    at async model.Query.exec (C:\Users\91954\OneDrive\Desktop\GATE MASTERY\gate-mastery-backend\node_modules\mongoose\lib\query.js:4726:63)
    at async getStats (C:\Users\91954\OneDrive\Desktop\GATE MASTERY\gate-mastery-backend\controllers\timerController.js:51:22)

2026-03-28T09:48:44.649Z
StrictPopulateError: Cannot populate path `chapters` because it is not in your schema. Set the `strictPopulate` option to false to override.
    at getModelsMapForPopulate (C:\Users\91954\OneDrive\Desktop\GATE MASTERY\gate-mastery-backend\node_modules\mongoose\lib\helpers\populate\getModelsMapForPopulate.js:55:12)
    at _populatePath (C:\Users\91954\OneDrive\Desktop\GATE MASTERY\gate-mastery-backend\node_modules\mongoose\lib\model.js:4417:21)
    at Function.populate (C:\Users\91954\OneDrive\Desktop\GATE MASTERY\gate-mastery-backend\node_modules\mongoose\lib\model.js:4384:21)
    at model.Query._find (C:\Users\91954\OneDrive\Desktop\GATE MASTERY\gate-mastery-backend\node_modules\mongoose\lib\query.js:2466:23)
    at process.processTicksAndRejections (node:internal/process/task_queues:105:5)
    at async model.Query.exec (C:\Users\91954\OneDrive\Desktop\GATE MASTERY\gate-mastery-backend\node_modules\mongoose\lib\query.js:4726:63)
    at async getStats (C:\Users\91954\OneDrive\Desktop\GATE MASTERY\gate-mastery-backend\controllers\timerController.js:51:22)

2026-03-28T09:48:46.863Z
StrictPopulateError: Cannot populate path `chapters` because it is not in your schema. Set the `strictPopulate` option to false to override.
    at getModelsMapForPopulate (C:\Users\91954\OneDrive\Desktop\GATE MASTERY\gate-mastery-backend\node_modules\mongoose\lib\helpers\populate\getModelsMapForPopulate.js:55:12)
    at _populatePath (C:\Users\91954\OneDrive\Desktop\GATE MASTERY\gate-mastery-backend\node_modules\mongoose\lib\model.js:4417:21)
    at Function.populate (C:\Users\91954\OneDrive\Desktop\GATE MASTERY\gate-mastery-backend\node_modules\mongoose\lib\model.js:4384:21)
    at model.Query._find (C:\Users\91954\OneDrive\Desktop\GATE MASTERY\gate-mastery-backend\node_modules\mongoose\lib\query.js:2466:23)
    at process.processTicksAndRejections (node:internal/process/task_queues:105:5)
    at async model.Query.exec (C:\Users\91954\OneDrive\Desktop\GATE MASTERY\gate-mastery-backend\node_modules\mongoose\lib\query.js:4726:63)
    at async getStats (C:\Users\91954\OneDrive\Desktop\GATE MASTERY\gate-mastery-backend\controllers\timerController.js:51:22)

2026-03-28T09:48:51.037Z
StrictPopulateError: Cannot populate path `chapters` because it is not in your schema. Set the `strictPopulate` option to false to override.
    at getModelsMapForPopulate (C:\Users\91954\OneDrive\Desktop\GATE MASTERY\gate-mastery-backend\node_modules\mongoose\lib\helpers\populate\getModelsMapForPopulate.js:55:12)
    at _populatePath (C:\Users\91954\OneDrive\Desktop\GATE MASTERY\gate-mastery-backend\node_modules\mongoose\lib\model.js:4417:21)
    at Function.populate (C:\Users\91954\OneDrive\Desktop\GATE MASTERY\gate-mastery-backend\node_modules\mongoose\lib\model.js:4384:21)
    at model.Query._find (C:\Users\91954\OneDrive\Desktop\GATE MASTERY\gate-mastery-backend\node_modules\mongoose\lib\query.js:2466:23)
    at process.processTicksAndRejections (node:internal/process/task_queues:105:5)
    at async model.Query.exec (C:\Users\91954\OneDrive\Desktop\GATE MASTERY\gate-mastery-backend\node_modules\mongoose\lib\query.js:4726:63)
    at async getStats (C:\Users\91954\OneDrive\Desktop\GATE MASTERY\gate-mastery-backend\controllers\timerController.js:51:22)
